<?xml version="1.0" encoding="UTF-8"?>
<!-- Generated by org.testng.reporters.JUnitReportReporter -->
<testsuite hostname="MacBook-Pro-de-Laura.local" failures="0" tests="1" name="practice.AppTest" time="0.009" errors="0" timestamp="2025-02-11T11:16:03 CET" skipped="0">
  <testcase classname="practice.AppTest" name="testApp" time="0.009"/>
</testsuite> <!-- practice.AppTest -->
